{"C:\\Users\\mdaahmed\\Documents\\PokemonReactNativeProject\\pokemon\\src\\components\\atom\\badge\\BadgeButton.Style.js": {"path":"C:\\Users\\mdaahmed\\Documents\\PokemonReactNativeProject\\pokemon\\src\\components\\atom\\badge\\BadgeButton.Style.js","statementMap":{"0":{"start":{"line":6,"column":28},"end":{"line":30,"column":2}}},"fnMap":{},"branchMap":{},"s":{"0":1},"f":{},"b":{},"_coverageSchema":"1a1c01bbd47fc00a2c39e90264f33305004495a9","hash":"16fd1f5e03039b84a99b294769b234693a4815d1"}
,"C:\\Users\\mdaahmed\\Documents\\PokemonReactNativeProject\\pokemon\\src\\components\\atom\\badge\\BadgeButton.jsx": {"path":"C:\\Users\\mdaahmed\\Documents\\PokemonReactNativeProject\\pokemon\\src\\components\\atom\\badge\\BadgeButton.jsx","statementMap":{"0":{"start":{"line":6,"column":20},"end":{"line":27,"column":1}},"1":{"start":{"line":7,"column":48},"end":{"line":7,"column":67}},"2":{"start":{"line":8,"column":2},"end":{"line":10,"column":9}},"3":{"start":{"line":9,"column":4},"end":{"line":9,"column":46}},"4":{"start":{"line":12,"column":2},"end":{"line":26,"column":4}}},"fnMap":{"0":{"name":"(anonymous_0)","decl":{"start":{"line":6,"column":20},"end":{"line":6,"column":21}},"loc":{"start":{"line":6,"column":46},"end":{"line":27,"column":1}},"line":6},"1":{"name":"(anonymous_1)","decl":{"start":{"line":8,"column":12},"end":{"line":8,"column":13}},"loc":{"start":{"line":8,"column":18},"end":{"line":10,"column":3}},"line":8}},"branchMap":{},"s":{"0":1,"1":4,"2":4,"3":2,"4":4},"f":{"0":4,"1":2},"b":{},"_coverageSchema":"1a1c01bbd47fc00a2c39e90264f33305004495a9","hash":"cabe323b7d634b4393d782b40ab6e243cb30eb62"}
,"C:\\Users\\mdaahmed\\Documents\\PokemonReactNativeProject\\pokemon\\src\\components\\atom\\loader\\Loader.Style.js": {"path":"C:\\Users\\mdaahmed\\Documents\\PokemonReactNativeProject\\pokemon\\src\\components\\atom\\loader\\Loader.Style.js","statementMap":{"0":{"start":{"line":3,"column":28},"end":{"line":13,"column":2}}},"fnMap":{},"branchMap":{},"s":{"0":1},"f":{},"b":{},"_coverageSchema":"1a1c01bbd47fc00a2c39e90264f33305004495a9","hash":"916a90b2947b69cf1727cf2a8f73d31b95db1b22"}
,"C:\\Users\\mdaahmed\\Documents\\PokemonReactNativeProject\\pokemon\\src\\components\\atom\\loader\\Loader.jsx": {"path":"C:\\Users\\mdaahmed\\Documents\\PokemonReactNativeProject\\pokemon\\src\\components\\atom\\loader\\Loader.jsx","statementMap":{"0":{"start":{"line":5,"column":15},"end":{"line":11,"column":1}},"1":{"start":{"line":6,"column":2},"end":{"line":10,"column":9}}},"fnMap":{"0":{"name":"(anonymous_0)","decl":{"start":{"line":5,"column":15},"end":{"line":5,"column":16}},"loc":{"start":{"line":6,"column":2},"end":{"line":10,"column":9}},"line":6}},"branchMap":{},"s":{"0":1,"1":1},"f":{"0":1},"b":{},"_coverageSchema":"1a1c01bbd47fc00a2c39e90264f33305004495a9","hash":"daea5389c4e2770fa875f639f61b28914ade395b"}
,"C:\\Users\\mdaahmed\\Documents\\PokemonReactNativeProject\\pokemon\\src\\components\\molecules\\card\\Card.Style.js": {"path":"C:\\Users\\mdaahmed\\Documents\\PokemonReactNativeProject\\pokemon\\src\\components\\molecules\\card\\Card.Style.js","statementMap":{"0":{"start":{"line":5,"column":19},"end":{"line":41,"column":2}}},"fnMap":{},"branchMap":{},"s":{"0":0},"f":{},"b":{}}
,"C:\\Users\\mdaahmed\\Documents\\PokemonReactNativeProject\\pokemon\\src\\components\\molecules\\card\\Card.jsx": {"path":"C:\\Users\\mdaahmed\\Documents\\PokemonReactNativeProject\\pokemon\\src\\components\\molecules\\card\\Card.jsx","statementMap":{"0":{"start":{"line":10,"column":13},"end":{"line":60,"column":1}},"1":{"start":{"line":11,"column":21},"end":{"line":11,"column":36}},"2":{"start":{"line":13,"column":29},"end":{"line":13,"column":55}},"3":{"start":{"line":15,"column":21},"end":{"line":47,"column":3}},"4":{"start":{"line":16,"column":24},"end":{"line":16,"column":74}},"5":{"start":{"line":16,"column":53},"end":{"line":16,"column":73}},"6":{"start":{"line":17,"column":15},"end":{"line":17,"column":39}},"7":{"start":{"line":19,"column":24},"end":{"line":22,"column":5}},"8":{"start":{"line":20,"column":6},"end":{"line":20,"column":32}},"9":{"start":{"line":21,"column":6},"end":{"line":21,"column":53}},"10":{"start":{"line":24,"column":26},"end":{"line":26,"column":5}},"11":{"start":{"line":25,"column":6},"end":{"line":25,"column":66}},"12":{"start":{"line":27,"column":4},"end":{"line":46,"column":6}},"13":{"start":{"line":49,"column":2},"end":{"line":59,"column":4}},"14":{"start":{"line":55,"column":30},"end":{"line":55,"column":37}}},"fnMap":{"0":{"name":"(anonymous_0)","decl":{"start":{"line":10,"column":13},"end":{"line":10,"column":14}},"loc":{"start":{"line":10,"column":28},"end":{"line":60,"column":1}},"line":10},"1":{"name":"(anonymous_1)","decl":{"start":{"line":15,"column":21},"end":{"line":15,"column":22}},"loc":{"start":{"line":15,"column":33},"end":{"line":47,"column":3}},"line":15},"2":{"name":"(anonymous_2)","decl":{"start":{"line":16,"column":41},"end":{"line":16,"column":42}},"loc":{"start":{"line":16,"column":53},"end":{"line":16,"column":73}},"line":16},"3":{"name":"(anonymous_3)","decl":{"start":{"line":19,"column":24},"end":{"line":19,"column":25}},"loc":{"start":{"line":19,"column":30},"end":{"line":22,"column":5}},"line":19},"4":{"name":"(anonymous_4)","decl":{"start":{"line":24,"column":26},"end":{"line":24,"column":27}},"loc":{"start":{"line":24,"column":32},"end":{"line":26,"column":5}},"line":24},"5":{"name":"(anonymous_5)","decl":{"start":{"line":55,"column":22},"end":{"line":55,"column":23}},"loc":{"start":{"line":55,"column":30},"end":{"line":55,"column":37}},"line":55}},"branchMap":{"0":{"loc":{"start":{"line":25,"column":13},"end":{"line":25,"column":65}},"type":"cond-expr","locations":[{"start":{"line":25,"column":39},"end":{"line":25,"column":50}},{"start":{"line":25,"column":53},"end":{"line":25,"column":65}}],"line":25}},"s":{"0":0,"1":0,"2":0,"3":0,"4":0,"5":0,"6":0,"7":0,"8":0,"9":0,"10":0,"11":0,"12":0,"13":0,"14":0},"f":{"0":0,"1":0,"2":0,"3":0,"4":0,"5":0},"b":{"0":[0,0]}}
,"C:\\Users\\mdaahmed\\Documents\\PokemonReactNativeProject\\pokemon\\src\\components\\molecules\\header\\Header.jsx": {"path":"C:\\Users\\mdaahmed\\Documents\\PokemonReactNativeProject\\pokemon\\src\\components\\molecules\\header\\Header.jsx","statementMap":{"0":{"start":{"line":4,"column":24},"end":{"line":21,"column":1}},"1":{"start":{"line":5,"column":2},"end":{"line":20,"column":4}}},"fnMap":{"0":{"name":"(anonymous_0)","decl":{"start":{"line":4,"column":24},"end":{"line":4,"column":25}},"loc":{"start":{"line":4,"column":50},"end":{"line":21,"column":1}},"line":4}},"branchMap":{},"s":{"0":1,"1":1},"f":{"0":1},"b":{},"_coverageSchema":"1a1c01bbd47fc00a2c39e90264f33305004495a9","hash":"6e418d8481bc28c14f1064438e5c42cd8a79249d"}
,"C:\\Users\\mdaahmed\\Documents\\PokemonReactNativeProject\\pokemon\\src\\components\\molecules\\header\\HeaderStyles.js": {"path":"C:\\Users\\mdaahmed\\Documents\\PokemonReactNativeProject\\pokemon\\src\\components\\molecules\\header\\HeaderStyles.js","statementMap":{"0":{"start":{"line":5,"column":28},"end":{"line":33,"column":2}}},"fnMap":{},"branchMap":{},"s":{"0":1},"f":{},"b":{},"_coverageSchema":"1a1c01bbd47fc00a2c39e90264f33305004495a9","hash":"f3d2c83d066c0bdc5b22b3348f88e3a8a7933278"}
,"C:\\Users\\mdaahmed\\Documents\\PokemonReactNativeProject\\pokemon\\src\\components\\organism\\context\\PokemonContext.js": {"path":"C:\\Users\\mdaahmed\\Documents\\PokemonReactNativeProject\\pokemon\\src\\components\\organism\\context\\PokemonContext.js","statementMap":{"0":{"start":{"line":3,"column":30},"end":{"line":3,"column":45}}},"fnMap":{},"branchMap":{},"s":{"0":0},"f":{},"b":{}}
,"C:\\Users\\mdaahmed\\Documents\\PokemonReactNativeProject\\pokemon\\src\\components\\organism\\context\\PokemonProvider.js": {"path":"C:\\Users\\mdaahmed\\Documents\\PokemonReactNativeProject\\pokemon\\src\\components\\organism\\context\\PokemonProvider.js","statementMap":{"0":{"start":{"line":13,"column":21},"end":{"line":13,"column":45}},"1":{"start":{"line":14,"column":31},"end":{"line":183,"column":1}},"2":{"start":{"line":15,"column":38},"end":{"line":15,"column":50}},"3":{"start":{"line":16,"column":46},"end":{"line":16,"column":60}},"4":{"start":{"line":17,"column":54},"end":{"line":17,"column":68}},"5":{"start":{"line":18,"column":34},"end":{"line":18,"column":46}},"6":{"start":{"line":19,"column":56},"end":{"line":19,"column":74}},"7":{"start":{"line":20,"column":40},"end":{"line":20,"column":52}},"8":{"start":{"line":21,"column":46},"end":{"line":21,"column":58}},"9":{"start":{"line":23,"column":2},"end":{"line":28,"column":9}},"10":{"start":{"line":25,"column":4},"end":{"line":25,"column":26}},"11":{"start":{"line":27,"column":4},"end":{"line":27,"column":18}},"12":{"start":{"line":36,"column":22},"end":{"line":66,"column":3}},"13":{"start":{"line":37,"column":22},"end":{"line":37,"column":74}},"14":{"start":{"line":37,"column":62},"end":{"line":37,"column":72}},"15":{"start":{"line":38,"column":17},"end":{"line":38,"column":78}},"16":{"start":{"line":38,"column":61},"end":{"line":38,"column":76}},"17":{"start":{"line":40,"column":20},"end":{"line":40,"column":22}},"18":{"start":{"line":41,"column":4},"end":{"line":63,"column":7}},"19":{"start":{"line":42,"column":6},"end":{"line":48,"column":7}},"20":{"start":{"line":43,"column":8},"end":{"line":47,"column":11}},"21":{"start":{"line":44,"column":10},"end":{"line":46,"column":11}},"22":{"start":{"line":45,"column":12},"end":{"line":45,"column":42}},"23":{"start":{"line":49,"column":6},"end":{"line":55,"column":7}},"24":{"start":{"line":50,"column":8},"end":{"line":54,"column":11}},"25":{"start":{"line":51,"column":10},"end":{"line":53,"column":11}},"26":{"start":{"line":52,"column":12},"end":{"line":52,"column":40}},"27":{"start":{"line":56,"column":6},"end":{"line":62,"column":7}},"28":{"start":{"line":57,"column":8},"end":{"line":61,"column":11}},"29":{"start":{"line":58,"column":10},"end":{"line":60,"column":11}},"30":{"start":{"line":59,"column":12},"end":{"line":59,"column":46}},"31":{"start":{"line":65,"column":4},"end":{"line":65,"column":27}},"32":{"start":{"line":68,"column":27},"end":{"line":76,"column":3}},"33":{"start":{"line":69,"column":4},"end":{"line":75,"column":5}},"34":{"start":{"line":70,"column":21},"end":{"line":70,"column":52}},"35":{"start":{"line":71,"column":6},"end":{"line":71,"column":36}},"36":{"start":{"line":74,"column":6},"end":{"line":74,"column":25}},"37":{"start":{"line":78,"column":21},"end":{"line":97,"column":3}},"38":{"start":{"line":79,"column":4},"end":{"line":96,"column":7}},"39":{"start":{"line":80,"column":6},"end":{"line":95,"column":7}},"40":{"start":{"line":81,"column":23},"end":{"line":81,"column":75}},"41":{"start":{"line":82,"column":8},"end":{"line":86,"column":11}},"42":{"start":{"line":83,"column":10},"end":{"line":83,"column":37}},"43":{"start":{"line":84,"column":30},"end":{"line":84,"column":59}},"44":{"start":{"line":85,"column":10},"end":{"line":85,"column":29}},"45":{"start":{"line":87,"column":8},"end":{"line":91,"column":11}},"46":{"start":{"line":88,"column":10},"end":{"line":88,"column":37}},"47":{"start":{"line":89,"column":30},"end":{"line":89,"column":59}},"48":{"start":{"line":90,"column":10},"end":{"line":90,"column":29}},"49":{"start":{"line":94,"column":8},"end":{"line":94,"column":35}},"50":{"start":{"line":100,"column":30},"end":{"line":110,"column":3}},"51":{"start":{"line":101,"column":4},"end":{"line":109,"column":5}},"52":{"start":{"line":102,"column":23},"end":{"line":102,"column":47}},"53":{"start":{"line":103,"column":6},"end":{"line":106,"column":9}},"54":{"start":{"line":108,"column":6},"end":{"line":108,"column":62}},"55":{"start":{"line":114,"column":30},"end":{"line":128,"column":3}},"56":{"start":{"line":115,"column":4},"end":{"line":127,"column":5}},"57":{"start":{"line":116,"column":23},"end":{"line":116,"column":71}},"58":{"start":{"line":117,"column":19},"end":{"line":117,"column":40}},"59":{"start":{"line":118,"column":23},"end":{"line":122,"column":8}},"60":{"start":{"line":119,"column":20},"end":{"line":119,"column":44}},"61":{"start":{"line":120,"column":21},"end":{"line":120,"column":37}},"62":{"start":{"line":121,"column":8},"end":{"line":121,"column":20}},"63":{"start":{"line":123,"column":22},"end":{"line":123,"column":49}},"64":{"start":{"line":124,"column":6},"end":{"line":124,"column":33}},"65":{"start":{"line":126,"column":6},"end":{"line":126,"column":27}},"66":{"start":{"line":130,"column":42},"end":{"line":130,"column":65}},"67":{"start":{"line":132,"column":58},"end":{"line":132,"column":70}},"68":{"start":{"line":133,"column":25},"end":{"line":158,"column":3}},"69":{"start":{"line":134,"column":4},"end":{"line":137,"column":7}},"70":{"start":{"line":139,"column":4},"end":{"line":157,"column":5}},"71":{"start":{"line":140,"column":30},"end":{"line":142,"column":7}},"72":{"start":{"line":141,"column":8},"end":{"line":141,"column":64}},"73":{"start":{"line":141,"column":34},"end":{"line":141,"column":48}},"74":{"start":{"line":143,"column":6},"end":{"line":147,"column":9}},"75":{"start":{"line":144,"column":8},"end":{"line":144,"column":62}},"76":{"start":{"line":145,"column":28},"end":{"line":145,"column":57}},"77":{"start":{"line":146,"column":8},"end":{"line":146,"column":27}},"78":{"start":{"line":149,"column":30},"end":{"line":151,"column":7}},"79":{"start":{"line":150,"column":19},"end":{"line":150,"column":76}},"80":{"start":{"line":150,"column":46},"end":{"line":150,"column":60}},"81":{"start":{"line":152,"column":6},"end":{"line":156,"column":9}},"82":{"start":{"line":153,"column":8},"end":{"line":153,"column":37}},"83":{"start":{"line":154,"column":28},"end":{"line":154,"column":57}},"84":{"start":{"line":155,"column":8},"end":{"line":155,"column":27}},"85":{"start":{"line":160,"column":2},"end":{"line":182,"column":4}}},"fnMap":{"0":{"name":"(anonymous_0)","decl":{"start":{"line":14,"column":31},"end":{"line":14,"column":32}},"loc":{"start":{"line":14,"column":47},"end":{"line":183,"column":1}},"line":14},"1":{"name":"(anonymous_1)","decl":{"start":{"line":23,"column":12},"end":{"line":23,"column":13}},"loc":{"start":{"line":23,"column":18},"end":{"line":28,"column":3}},"line":23},"2":{"name":"(anonymous_2)","decl":{"start":{"line":36,"column":22},"end":{"line":36,"column":23}},"loc":{"start":{"line":36,"column":43},"end":{"line":66,"column":3}},"line":36},"3":{"name":"(anonymous_3)","decl":{"start":{"line":37,"column":55},"end":{"line":37,"column":56}},"loc":{"start":{"line":37,"column":62},"end":{"line":37,"column":72}},"line":37},"4":{"name":"(anonymous_4)","decl":{"start":{"line":38,"column":49},"end":{"line":38,"column":50}},"loc":{"start":{"line":38,"column":61},"end":{"line":38,"column":76}},"line":38},"5":{"name":"(anonymous_5)","decl":{"start":{"line":41,"column":17},"end":{"line":41,"column":18}},"loc":{"start":{"line":41,"column":27},"end":{"line":63,"column":5}},"line":41},"6":{"name":"(anonymous_6)","decl":{"start":{"line":43,"column":47},"end":{"line":43,"column":48}},"loc":{"start":{"line":43,"column":58},"end":{"line":47,"column":9}},"line":43},"7":{"name":"(anonymous_7)","decl":{"start":{"line":50,"column":47},"end":{"line":50,"column":48}},"loc":{"start":{"line":50,"column":58},"end":{"line":54,"column":9}},"line":50},"8":{"name":"(anonymous_8)","decl":{"start":{"line":57,"column":47},"end":{"line":57,"column":48}},"loc":{"start":{"line":57,"column":58},"end":{"line":61,"column":9}},"line":57},"9":{"name":"(anonymous_9)","decl":{"start":{"line":68,"column":27},"end":{"line":68,"column":28}},"loc":{"start":{"line":68,"column":39},"end":{"line":76,"column":3}},"line":68},"10":{"name":"(anonymous_10)","decl":{"start":{"line":78,"column":21},"end":{"line":78,"column":22}},"loc":{"start":{"line":78,"column":34},"end":{"line":97,"column":3}},"line":78},"11":{"name":"(anonymous_11)","decl":{"start":{"line":79,"column":12},"end":{"line":79,"column":13}},"loc":{"start":{"line":79,"column":26},"end":{"line":96,"column":5}},"line":79},"12":{"name":"(anonymous_12)","decl":{"start":{"line":82,"column":20},"end":{"line":82,"column":21}},"loc":{"start":{"line":82,"column":29},"end":{"line":86,"column":9}},"line":82},"13":{"name":"(anonymous_13)","decl":{"start":{"line":87,"column":31},"end":{"line":87,"column":32}},"loc":{"start":{"line":87,"column":40},"end":{"line":91,"column":9}},"line":87},"14":{"name":"(anonymous_14)","decl":{"start":{"line":100,"column":30},"end":{"line":100,"column":31}},"loc":{"start":{"line":100,"column":54},"end":{"line":110,"column":3}},"line":100},"15":{"name":"(anonymous_15)","decl":{"start":{"line":114,"column":30},"end":{"line":114,"column":31}},"loc":{"start":{"line":114,"column":42},"end":{"line":128,"column":3}},"line":114},"16":{"name":"(anonymous_16)","decl":{"start":{"line":118,"column":40},"end":{"line":118,"column":41}},"loc":{"start":{"line":118,"column":57},"end":{"line":122,"column":7}},"line":118},"17":{"name":"(anonymous_17)","decl":{"start":{"line":133,"column":25},"end":{"line":133,"column":26}},"loc":{"start":{"line":133,"column":44},"end":{"line":158,"column":3}},"line":133},"18":{"name":"(anonymous_18)","decl":{"start":{"line":140,"column":52},"end":{"line":140,"column":53}},"loc":{"start":{"line":141,"column":8},"end":{"line":141,"column":64}},"line":141},"19":{"name":"(anonymous_19)","decl":{"start":{"line":141,"column":26},"end":{"line":141,"column":27}},"loc":{"start":{"line":141,"column":34},"end":{"line":141,"column":48}},"line":141},"20":{"name":"(anonymous_20)","decl":{"start":{"line":143,"column":30},"end":{"line":143,"column":31}},"loc":{"start":{"line":143,"column":39},"end":{"line":147,"column":7}},"line":143},"21":{"name":"(anonymous_21)","decl":{"start":{"line":150,"column":8},"end":{"line":150,"column":9}},"loc":{"start":{"line":150,"column":19},"end":{"line":150,"column":76}},"line":150},"22":{"name":"(anonymous_22)","decl":{"start":{"line":150,"column":38},"end":{"line":150,"column":39}},"loc":{"start":{"line":150,"column":46},"end":{"line":150,"column":60}},"line":150},"23":{"name":"(anonymous_23)","decl":{"start":{"line":152,"column":30},"end":{"line":152,"column":31}},"loc":{"start":{"line":152,"column":39},"end":{"line":156,"column":7}},"line":152}},"branchMap":{"0":{"loc":{"start":{"line":42,"column":6},"end":{"line":48,"column":7}},"type":"if","locations":[{"start":{"line":42,"column":6},"end":{"line":48,"column":7}},{"start":{},"end":{}}],"line":42},"1":{"loc":{"start":{"line":44,"column":10},"end":{"line":46,"column":11}},"type":"if","locations":[{"start":{"line":44,"column":10},"end":{"line":46,"column":11}},{"start":{},"end":{}}],"line":44},"2":{"loc":{"start":{"line":49,"column":6},"end":{"line":55,"column":7}},"type":"if","locations":[{"start":{"line":49,"column":6},"end":{"line":55,"column":7}},{"start":{},"end":{}}],"line":49},"3":{"loc":{"start":{"line":51,"column":10},"end":{"line":53,"column":11}},"type":"if","locations":[{"start":{"line":51,"column":10},"end":{"line":53,"column":11}},{"start":{},"end":{}}],"line":51},"4":{"loc":{"start":{"line":56,"column":6},"end":{"line":62,"column":7}},"type":"if","locations":[{"start":{"line":56,"column":6},"end":{"line":62,"column":7}},{"start":{},"end":{}}],"line":56},"5":{"loc":{"start":{"line":58,"column":10},"end":{"line":60,"column":11}},"type":"if","locations":[{"start":{"line":58,"column":10},"end":{"line":60,"column":11}},{"start":{},"end":{}}],"line":58},"6":{"loc":{"start":{"line":139,"column":4},"end":{"line":157,"column":5}},"type":"if","locations":[{"start":{"line":139,"column":4},"end":{"line":157,"column":5}},{"start":{"line":148,"column":11},"end":{"line":157,"column":5}}],"line":139}},"s":{"0":0,"1":0,"2":0,"3":0,"4":0,"5":0,"6":0,"7":0,"8":0,"9":0,"10":0,"11":0,"12":0,"13":0,"14":0,"15":0,"16":0,"17":0,"18":0,"19":0,"20":0,"21":0,"22":0,"23":0,"24":0,"25":0,"26":0,"27":0,"28":0,"29":0,"30":0,"31":0,"32":0,"33":0,"34":0,"35":0,"36":0,"37":0,"38":0,"39":0,"40":0,"41":0,"42":0,"43":0,"44":0,"45":0,"46":0,"47":0,"48":0,"49":0,"50":0,"51":0,"52":0,"53":0,"54":0,"55":0,"56":0,"57":0,"58":0,"59":0,"60":0,"61":0,"62":0,"63":0,"64":0,"65":0,"66":0,"67":0,"68":0,"69":0,"70":0,"71":0,"72":0,"73":0,"74":0,"75":0,"76":0,"77":0,"78":0,"79":0,"80":0,"81":0,"82":0,"83":0,"84":0,"85":0},"f":{"0":0,"1":0,"2":0,"3":0,"4":0,"5":0,"6":0,"7":0,"8":0,"9":0,"10":0,"11":0,"12":0,"13":0,"14":0,"15":0,"16":0,"17":0,"18":0,"19":0,"20":0,"21":0,"22":0,"23":0},"b":{"0":[0,0],"1":[0,0],"2":[0,0],"3":[0,0],"4":[0,0],"5":[0,0],"6":[0,0]}}
,"C:\\Users\\mdaahmed\\Documents\\PokemonReactNativeProject\\pokemon\\src\\constants\\testData.js": {"path":"C:\\Users\\mdaahmed\\Documents\\PokemonReactNativeProject\\pokemon\\src\\constants\\testData.js","statementMap":{"0":{"start":{"line":1,"column":24},"end":{"line":757,"column":1}}},"fnMap":{},"branchMap":{},"s":{"0":1},"f":{},"b":{},"_coverageSchema":"1a1c01bbd47fc00a2c39e90264f33305004495a9","hash":"85ba9e43241a8466d67a262741388a754f38116a"}
,"C:\\Users\\mdaahmed\\Documents\\PokemonReactNativeProject\\pokemon\\src\\constants\\color\\color.js": {"path":"C:\\Users\\mdaahmed\\Documents\\PokemonReactNativeProject\\pokemon\\src\\constants\\color\\color.js","statementMap":{"0":{"start":{"line":1,"column":22},"end":{"line":22,"column":1}},"1":{"start":{"line":24,"column":28},"end":{"line":24,"column":50}}},"fnMap":{},"branchMap":{},"s":{"0":1,"1":1},"f":{},"b":{},"_coverageSchema":"1a1c01bbd47fc00a2c39e90264f33305004495a9","hash":"4a2c3bb0f37be02ca1321b32229f5fd542fda2e8"}
,"C:\\Users\\mdaahmed\\Documents\\PokemonReactNativeProject\\pokemon\\src\\constants\\string\\strings.js": {"path":"C:\\Users\\mdaahmed\\Documents\\PokemonReactNativeProject\\pokemon\\src\\constants\\string\\strings.js","statementMap":{"0":{"start":{"line":3,"column":24},"end":{"line":3,"column":41}},"1":{"start":{"line":4,"column":31},"end":{"line":4,"column":64}},"2":{"start":{"line":5,"column":34},"end":{"line":5,"column":65}},"3":{"start":{"line":7,"column":29},"end":{"line":7,"column":50}},"4":{"start":{"line":9,"column":2},"end":{"line":9,"column":52}},"5":{"start":{"line":11,"column":33},"end":{"line":11,"column":44}},"6":{"start":{"line":12,"column":22},"end":{"line":12,"column":33}},"7":{"start":{"line":13,"column":22},"end":{"line":13,"column":30}},"8":{"start":{"line":14,"column":22},"end":{"line":14,"column":30}},"9":{"start":{"line":16,"column":21},"end":{"line":16,"column":28}},"10":{"start":{"line":18,"column":25},"end":{"line":18,"column":36}},"11":{"start":{"line":20,"column":28},"end":{"line":20,"column":42}},"12":{"start":{"line":22,"column":22},"end":{"line":22,"column":30}},"13":{"start":{"line":24,"column":20},"end":{"line":24,"column":26}},"14":{"start":{"line":26,"column":28},"end":{"line":26,"column":42}},"15":{"start":{"line":28,"column":21},"end":{"line":28,"column":28}},"16":{"start":{"line":31,"column":2},"end":{"line":31,"column":53}},"17":{"start":{"line":34,"column":2},"end":{"line":34,"column":49}},"18":{"start":{"line":36,"column":45},"end":{"line":36,"column":78}},"19":{"start":{"line":39,"column":2},"end":{"line":39,"column":46}}},"fnMap":{},"branchMap":{},"s":{"0":1,"1":1,"2":1,"3":1,"4":1,"5":1,"6":1,"7":1,"8":1,"9":1,"10":1,"11":1,"12":1,"13":1,"14":1,"15":1,"16":1,"17":1,"18":1,"19":1},"f":{},"b":{},"_coverageSchema":"1a1c01bbd47fc00a2c39e90264f33305004495a9","hash":"d5b1cc3eb7693f178838dc694913ab2c5717e6cb"}
,"C:\\Users\\mdaahmed\\Documents\\PokemonReactNativeProject\\pokemon\\src\\constants\\type\\type.js": {"path":"C:\\Users\\mdaahmed\\Documents\\PokemonReactNativeProject\\pokemon\\src\\constants\\type\\type.js","statementMap":{"0":{"start":{"line":1,"column":29},"end":{"line":22,"column":1}}},"fnMap":{},"branchMap":{},"s":{"0":1},"f":{},"b":{},"_coverageSchema":"1a1c01bbd47fc00a2c39e90264f33305004495a9","hash":"fd944c1ba762b4997321321bcf1c1a626112d217"}
,"C:\\Users\\mdaahmed\\Documents\\PokemonReactNativeProject\\pokemon\\src\\constants\\url\\url.js": {"path":"C:\\Users\\mdaahmed\\Documents\\PokemonReactNativeProject\\pokemon\\src\\constants\\url\\url.js","statementMap":{"0":{"start":{"line":2,"column":2},"end":{"line":2,"column":74}},"1":{"start":{"line":4,"column":26},"end":{"line":8,"column":1}}},"fnMap":{},"branchMap":{},"s":{"0":1,"1":1},"f":{},"b":{},"_coverageSchema":"1a1c01bbd47fc00a2c39e90264f33305004495a9","hash":"25c1c931a6e2032c3acb3b6733e135d5549ecb18"}
,"C:\\Users\\mdaahmed\\Documents\\PokemonReactNativeProject\\pokemon\\src\\navigation\\stack\\StackNavigator.jsx": {"path":"C:\\Users\\mdaahmed\\Documents\\PokemonReactNativeProject\\pokemon\\src\\navigation\\stack\\StackNavigator.jsx","statementMap":{"0":{"start":{"line":9,"column":14},"end":{"line":9,"column":42}},"1":{"start":{"line":11,"column":19},"end":{"line":30,"column":1}},"2":{"start":{"line":12,"column":2},"end":{"line":29,"column":4}}},"fnMap":{"0":{"name":"(anonymous_0)","decl":{"start":{"line":11,"column":19},"end":{"line":11,"column":20}},"loc":{"start":{"line":11,"column":25},"end":{"line":30,"column":1}},"line":11}},"branchMap":{},"s":{"0":0,"1":0,"2":0},"f":{"0":0},"b":{}}
,"C:\\Users\\mdaahmed\\Documents\\PokemonReactNativeProject\\pokemon\\src\\screens\\pokemonDetail\\PokemonDetail.Style.js": {"path":"C:\\Users\\mdaahmed\\Documents\\PokemonReactNativeProject\\pokemon\\src\\screens\\pokemonDetail\\PokemonDetail.Style.js","statementMap":{"0":{"start":{"line":6,"column":29},"end":{"line":156,"column":2}}},"fnMap":{},"branchMap":{},"s":{"0":0},"f":{},"b":{}}
,"C:\\Users\\mdaahmed\\Documents\\PokemonReactNativeProject\\pokemon\\src\\screens\\pokemonDetail\\PokemonDetail.jsx": {"path":"C:\\Users\\mdaahmed\\Documents\\PokemonReactNativeProject\\pokemon\\src\\screens\\pokemonDetail\\PokemonDetail.jsx","statementMap":{"0":{"start":{"line":38,"column":31},"end":{"line":312,"column":1}},"1":{"start":{"line":39,"column":18},"end":{"line":39,"column":40}},"2":{"start":{"line":40,"column":42},"end":{"line":40,"column":57}},"3":{"start":{"line":42,"column":21},"end":{"line":42,"column":36}},"4":{"start":{"line":49,"column":6},"end":{"line":49,"column":32}},"5":{"start":{"line":51,"column":2},"end":{"line":53,"column":19}},"6":{"start":{"line":52,"column":4},"end":{"line":52,"column":46}},"7":{"start":{"line":55,"column":23},"end":{"line":59,"column":3}},"8":{"start":{"line":61,"column":18},"end":{"line":80,"column":3}},"9":{"start":{"line":62,"column":4},"end":{"line":79,"column":5}},"10":{"start":{"line":64,"column":8},"end":{"line":69,"column":10}},"11":{"start":{"line":71,"column":8},"end":{"line":76,"column":10}},"12":{"start":{"line":78,"column":8},"end":{"line":78,"column":21}},"13":{"start":{"line":81,"column":28},"end":{"line":81,"column":61}},"14":{"start":{"line":82,"column":18},"end":{"line":84,"column":3}},"15":{"start":{"line":83,"column":4},"end":{"line":83,"column":40}},"16":{"start":{"line":85,"column":25},"end":{"line":87,"column":3}},"17":{"start":{"line":86,"column":4},"end":{"line":86,"column":26}},"18":{"start":{"line":88,"column":24},"end":{"line":88,"column":51}},"19":{"start":{"line":89,"column":2},"end":{"line":89,"column":28}},"20":{"start":{"line":90,"column":2},"end":{"line":311,"column":4}},"21":{"start":{"line":141,"column":30},"end":{"line":141,"column":57}},"22":{"start":{"line":155,"column":38},"end":{"line":155,"column":60}},"23":{"start":{"line":164,"column":38},"end":{"line":164,"column":65}},"24":{"start":{"line":172,"column":51},"end":{"line":172,"column":73}},"25":{"start":{"line":196,"column":20},"end":{"line":199,"column":27}},"26":{"start":{"line":225,"column":18},"end":{"line":229,"column":25}},"27":{"start":{"line":243,"column":20},"end":{"line":248,"column":27}},"28":{"start":{"line":257,"column":20},"end":{"line":259,"column":27}},"29":{"start":{"line":273,"column":22},"end":{"line":277,"column":29}},"30":{"start":{"line":288,"column":12},"end":{"line":306,"column":19}}},"fnMap":{"0":{"name":"(anonymous_0)","decl":{"start":{"line":38,"column":31},"end":{"line":38,"column":32}},"loc":{"start":{"line":38,"column":39},"end":{"line":312,"column":1}},"line":38},"1":{"name":"(anonymous_1)","decl":{"start":{"line":51,"column":12},"end":{"line":51,"column":13}},"loc":{"start":{"line":51,"column":18},"end":{"line":53,"column":3}},"line":51},"2":{"name":"(anonymous_2)","decl":{"start":{"line":61,"column":18},"end":{"line":61,"column":19}},"loc":{"start":{"line":61,"column":37},"end":{"line":80,"column":3}},"line":61},"3":{"name":"(anonymous_3)","decl":{"start":{"line":82,"column":18},"end":{"line":82,"column":19}},"loc":{"start":{"line":82,"column":24},"end":{"line":84,"column":3}},"line":82},"4":{"name":"(anonymous_4)","decl":{"start":{"line":85,"column":25},"end":{"line":85,"column":26}},"loc":{"start":{"line":85,"column":31},"end":{"line":87,"column":3}},"line":85},"5":{"name":"(anonymous_5)","decl":{"start":{"line":141,"column":22},"end":{"line":141,"column":23}},"loc":{"start":{"line":141,"column":30},"end":{"line":141,"column":57}},"line":141},"6":{"name":"(anonymous_6)","decl":{"start":{"line":155,"column":32},"end":{"line":155,"column":33}},"loc":{"start":{"line":155,"column":38},"end":{"line":155,"column":60}},"line":155},"7":{"name":"(anonymous_7)","decl":{"start":{"line":164,"column":30},"end":{"line":164,"column":31}},"loc":{"start":{"line":164,"column":38},"end":{"line":164,"column":65}},"line":164},"8":{"name":"(anonymous_8)","decl":{"start":{"line":172,"column":45},"end":{"line":172,"column":46}},"loc":{"start":{"line":172,"column":51},"end":{"line":172,"column":73}},"line":172},"9":{"name":"(anonymous_9)","decl":{"start":{"line":195,"column":33},"end":{"line":195,"column":34}},"loc":{"start":{"line":196,"column":20},"end":{"line":199,"column":27}},"line":196},"10":{"name":"(anonymous_10)","decl":{"start":{"line":224,"column":35},"end":{"line":224,"column":36}},"loc":{"start":{"line":225,"column":18},"end":{"line":229,"column":25}},"line":225},"11":{"name":"(anonymous_11)","decl":{"start":{"line":242,"column":40},"end":{"line":242,"column":41}},"loc":{"start":{"line":243,"column":20},"end":{"line":248,"column":27}},"line":243},"12":{"name":"(anonymous_12)","decl":{"start":{"line":256,"column":52},"end":{"line":256,"column":53}},"loc":{"start":{"line":257,"column":20},"end":{"line":259,"column":27}},"line":257},"13":{"name":"(anonymous_13)","decl":{"start":{"line":272,"column":42},"end":{"line":272,"column":43}},"loc":{"start":{"line":273,"column":22},"end":{"line":277,"column":29}},"line":273},"14":{"name":"(anonymous_14)","decl":{"start":{"line":287,"column":29},"end":{"line":287,"column":30}},"loc":{"start":{"line":288,"column":12},"end":{"line":306,"column":19}},"line":288}},"branchMap":{"0":{"loc":{"start":{"line":62,"column":4},"end":{"line":79,"column":5}},"type":"switch","locations":[{"start":{"line":63,"column":6},"end":{"line":69,"column":10}},{"start":{"line":70,"column":6},"end":{"line":76,"column":10}},{"start":{"line":77,"column":6},"end":{"line":78,"column":21}}],"line":62},"1":{"loc":{"start":{"line":138,"column":17},"end":{"line":147,"column":17}},"type":"cond-expr","locations":[{"start":{"line":139,"column":18},"end":{"line":144,"column":19}},{"start":{"line":146,"column":18},"end":{"line":146,"column":39}}],"line":138},"2":{"loc":{"start":{"line":161,"column":25},"end":{"line":167,"column":27}},"type":"binary-expr","locations":[{"start":{"line":161,"column":25},"end":{"line":161,"column":43}},{"start":{"line":162,"column":26},"end":{"line":167,"column":27}}],"line":161},"3":{"loc":{"start":{"line":194,"column":17},"end":{"line":200,"column":20}},"type":"binary-expr","locations":[{"start":{"line":194,"column":17},"end":{"line":194,"column":27}},{"start":{"line":195,"column":18},"end":{"line":200,"column":20}}],"line":194},"4":{"loc":{"start":{"line":198,"column":23},"end":{"line":198,"column":73}},"type":"binary-expr","locations":[{"start":{"line":198,"column":23},"end":{"line":198,"column":54}},{"start":{"line":198,"column":58},"end":{"line":198,"column":73}}],"line":198},"5":{"loc":{"start":{"line":241,"column":17},"end":{"line":249,"column":20}},"type":"binary-expr","locations":[{"start":{"line":241,"column":17},"end":{"line":241,"column":24}},{"start":{"line":242,"column":18},"end":{"line":249,"column":20}}],"line":241},"6":{"loc":{"start":{"line":246,"column":25},"end":{"line":246,"column":72}},"type":"binary-expr","locations":[{"start":{"line":246,"column":25},"end":{"line":246,"column":53}},{"start":{"line":246,"column":57},"end":{"line":246,"column":72}}],"line":246},"7":{"loc":{"start":{"line":255,"column":17},"end":{"line":260,"column":20}},"type":"binary-expr","locations":[{"start":{"line":255,"column":17},"end":{"line":255,"column":35}},{"start":{"line":256,"column":18},"end":{"line":260,"column":20}}],"line":255},"8":{"loc":{"start":{"line":267,"column":15},"end":{"line":280,"column":15}},"type":"cond-expr","locations":[{"start":{"line":268,"column":16},"end":{"line":268,"column":37}},{"start":{"line":270,"column":16},"end":{"line":279,"column":23}}],"line":267},"9":{"loc":{"start":{"line":271,"column":19},"end":{"line":278,"column":22}},"type":"binary-expr","locations":[{"start":{"line":271,"column":19},"end":{"line":271,"column":36}},{"start":{"line":272,"column":20},"end":{"line":278,"column":22}}],"line":271}},"s":{"0":0,"1":0,"2":0,"3":0,"4":0,"5":0,"6":0,"7":0,"8":0,"9":0,"10":0,"11":0,"12":0,"13":0,"14":0,"15":0,"16":0,"17":0,"18":0,"19":0,"20":0,"21":0,"22":0,"23":0,"24":0,"25":0,"26":0,"27":0,"28":0,"29":0,"30":0},"f":{"0":0,"1":0,"2":0,"3":0,"4":0,"5":0,"6":0,"7":0,"8":0,"9":0,"10":0,"11":0,"12":0,"13":0,"14":0},"b":{"0":[0,0,0],"1":[0,0],"2":[0,0],"3":[0,0],"4":[0,0],"5":[0,0],"6":[0,0],"7":[0,0],"8":[0,0],"9":[0,0]}}
,"C:\\Users\\mdaahmed\\Documents\\PokemonReactNativeProject\\pokemon\\src\\screens\\pokemonList\\PokemonList.Style.js": {"path":"C:\\Users\\mdaahmed\\Documents\\PokemonReactNativeProject\\pokemon\\src\\screens\\pokemonList\\PokemonList.Style.js","statementMap":{"0":{"start":{"line":6,"column":33},"end":{"line":142,"column":2}}},"fnMap":{},"branchMap":{},"s":{"0":0},"f":{},"b":{}}
,"C:\\Users\\mdaahmed\\Documents\\PokemonReactNativeProject\\pokemon\\src\\screens\\pokemonList\\PokemonList.jsx": {"path":"C:\\Users\\mdaahmed\\Documents\\PokemonReactNativeProject\\pokemon\\src\\screens\\pokemonList\\PokemonList.jsx","statementMap":{"0":{"start":{"line":32,"column":29},"end":{"line":253,"column":1}},"1":{"start":{"line":33,"column":32},"end":{"line":33,"column":46}},"2":{"start":{"line":34,"column":24},"end":{"line":34,"column":71}},"3":{"start":{"line":35,"column":32},"end":{"line":35,"column":42}},"4":{"start":{"line":36,"column":32},"end":{"line":36,"column":42}},"5":{"start":{"line":37,"column":40},"end":{"line":37,"column":52}},"6":{"start":{"line":38,"column":36},"end":{"line":38,"column":51}},"7":{"start":{"line":49,"column":6},"end":{"line":49,"column":32}},"8":{"start":{"line":51,"column":23},"end":{"line":54,"column":3}},"9":{"start":{"line":52,"column":4},"end":{"line":52,"column":49}},"10":{"start":{"line":53,"column":4},"end":{"line":53,"column":24}},"11":{"start":{"line":55,"column":22},"end":{"line":58,"column":3}},"12":{"start":{"line":56,"column":4},"end":{"line":56,"column":35}},"13":{"start":{"line":57,"column":4},"end":{"line":57,"column":37}},"14":{"start":{"line":60,"column":32},"end":{"line":62,"column":3}},"15":{"start":{"line":61,"column":4},"end":{"line":61,"column":23}},"16":{"start":{"line":64,"column":27},"end":{"line":66,"column":3}},"17":{"start":{"line":65,"column":4},"end":{"line":65,"column":24}},"18":{"start":{"line":73,"column":34},"end":{"line":85,"column":3}},"19":{"start":{"line":74,"column":4},"end":{"line":74,"column":21}},"20":{"start":{"line":75,"column":4},"end":{"line":84,"column":5}},"21":{"start":{"line":76,"column":23},"end":{"line":76,"column":48}},"22":{"start":{"line":77,"column":6},"end":{"line":77,"column":32}},"23":{"start":{"line":78,"column":6},"end":{"line":78,"column":36}},"24":{"start":{"line":79,"column":6},"end":{"line":79,"column":35}},"25":{"start":{"line":80,"column":6},"end":{"line":80,"column":24}},"26":{"start":{"line":83,"column":6},"end":{"line":83,"column":33}},"27":{"start":{"line":87,"column":2},"end":{"line":90,"column":12}},"28":{"start":{"line":89,"column":4},"end":{"line":89,"column":30}},"29":{"start":{"line":92,"column":31},"end":{"line":101,"column":3}},"30":{"start":{"line":93,"column":28},"end":{"line":98,"column":6}},"31":{"start":{"line":94,"column":6},"end":{"line":97,"column":8}},"32":{"start":{"line":100,"column":4},"end":{"line":100,"column":27}},"33":{"start":{"line":102,"column":18},"end":{"line":102,"column":42}},"34":{"start":{"line":103,"column":2},"end":{"line":252,"column":4}},"35":{"start":{"line":115,"column":14},"end":{"line":115,"column":35}},"36":{"start":{"line":116,"column":14},"end":{"line":119,"column":17}},"37":{"start":{"line":117,"column":39},"end":{"line":117,"column":65}},"38":{"start":{"line":118,"column":16},"end":{"line":118,"column":55}},"39":{"start":{"line":163,"column":20},"end":{"line":175,"column":27}},"40":{"start":{"line":168,"column":26},"end":{"line":168,"column":56}},"41":{"start":{"line":213,"column":18},"end":{"line":213,"column":34}},"42":{"start":{"line":214,"column":18},"end":{"line":214,"column":45}},"43":{"start":{"line":215,"column":18},"end":{"line":215,"column":34}},"44":{"start":{"line":233,"column":20},"end":{"line":233,"column":36}},"45":{"start":{"line":234,"column":20},"end":{"line":234,"column":47}},"46":{"start":{"line":235,"column":20},"end":{"line":235,"column":36}}},"fnMap":{"0":{"name":"(anonymous_0)","decl":{"start":{"line":32,"column":29},"end":{"line":32,"column":30}},"loc":{"start":{"line":32,"column":35},"end":{"line":253,"column":1}},"line":32},"1":{"name":"(anonymous_1)","decl":{"start":{"line":51,"column":23},"end":{"line":51,"column":24}},"loc":{"start":{"line":51,"column":29},"end":{"line":54,"column":3}},"line":51},"2":{"name":"(anonymous_2)","decl":{"start":{"line":55,"column":22},"end":{"line":55,"column":23}},"loc":{"start":{"line":55,"column":28},"end":{"line":58,"column":3}},"line":55},"3":{"name":"(anonymous_3)","decl":{"start":{"line":60,"column":32},"end":{"line":60,"column":33}},"loc":{"start":{"line":60,"column":38},"end":{"line":62,"column":3}},"line":60},"4":{"name":"(anonymous_4)","decl":{"start":{"line":64,"column":27},"end":{"line":64,"column":28}},"loc":{"start":{"line":64,"column":33},"end":{"line":66,"column":3}},"line":64},"5":{"name":"(anonymous_5)","decl":{"start":{"line":73,"column":34},"end":{"line":73,"column":35}},"loc":{"start":{"line":73,"column":46},"end":{"line":85,"column":3}},"line":73},"6":{"name":"(anonymous_6)","decl":{"start":{"line":87,"column":12},"end":{"line":87,"column":13}},"loc":{"start":{"line":87,"column":18},"end":{"line":90,"column":3}},"line":87},"7":{"name":"(anonymous_7)","decl":{"start":{"line":92,"column":31},"end":{"line":92,"column":32}},"loc":{"start":{"line":92,"column":45},"end":{"line":101,"column":3}},"line":92},"8":{"name":"(anonymous_8)","decl":{"start":{"line":93,"column":45},"end":{"line":93,"column":46}},"loc":{"start":{"line":93,"column":56},"end":{"line":98,"column":5}},"line":93},"9":{"name":"(anonymous_9)","decl":{"start":{"line":114,"column":26},"end":{"line":114,"column":27}},"loc":{"start":{"line":114,"column":34},"end":{"line":120,"column":13}},"line":114},"10":{"name":"(anonymous_10)","decl":{"start":{"line":116,"column":30},"end":{"line":116,"column":31}},"loc":{"start":{"line":116,"column":36},"end":{"line":119,"column":15}},"line":116},"11":{"name":"(anonymous_11)","decl":{"start":{"line":162,"column":52},"end":{"line":162,"column":53}},"loc":{"start":{"line":163,"column":20},"end":{"line":175,"column":27}},"line":163},"12":{"name":"(anonymous_12)","decl":{"start":{"line":167,"column":39},"end":{"line":167,"column":40}},"loc":{"start":{"line":168,"column":26},"end":{"line":168,"column":56}},"line":168},"13":{"name":"(anonymous_13)","decl":{"start":{"line":212,"column":25},"end":{"line":212,"column":26}},"loc":{"start":{"line":212,"column":31},"end":{"line":216,"column":17}},"line":212},"14":{"name":"(anonymous_14)","decl":{"start":{"line":232,"column":27},"end":{"line":232,"column":28}},"loc":{"start":{"line":232,"column":33},"end":{"line":236,"column":19}},"line":232}},"branchMap":{"0":{"loc":{"start":{"line":95,"column":8},"end":{"line":96,"column":50}},"type":"binary-expr","locations":[{"start":{"line":95,"column":8},"end":{"line":95,"column":71}},{"start":{"line":96,"column":8},"end":{"line":96,"column":50}}],"line":95},"1":{"loc":{"start":{"line":198,"column":7},"end":{"line":250,"column":7}},"type":"cond-expr","locations":[{"start":{"line":199,"column":8},"end":{"line":199,"column":18}},{"start":{"line":201,"column":8},"end":{"line":249,"column":15}}],"line":198},"2":{"loc":{"start":{"line":211,"column":26},"end":{"line":211,"column":57}},"type":"cond-expr","locations":[{"start":{"line":211,"column":45},"end":{"line":211,"column":49}},{"start":{"line":211,"column":52},"end":{"line":211,"column":57}}],"line":211},"3":{"loc":{"start":{"line":218,"column":33},"end":{"line":218,"column":58}},"type":"cond-expr","locations":[{"start":{"line":218,"column":43},"end":{"line":218,"column":49}},{"start":{"line":218,"column":52},"end":{"line":218,"column":58}}],"line":218},"4":{"loc":{"start":{"line":230,"column":15},"end":{"line":246,"column":15}},"type":"binary-expr","locations":[{"start":{"line":230,"column":15},"end":{"line":230,"column":22}},{"start":{"line":231,"column":16},"end":{"line":245,"column":35}}],"line":230}},"s":{"0":0,"1":0,"2":0,"3":0,"4":0,"5":0,"6":0,"7":0,"8":0,"9":0,"10":0,"11":0,"12":0,"13":0,"14":0,"15":0,"16":0,"17":0,"18":0,"19":0,"20":0,"21":0,"22":0,"23":0,"24":0,"25":0,"26":0,"27":0,"28":0,"29":0,"30":0,"31":0,"32":0,"33":0,"34":0,"35":0,"36":0,"37":0,"38":0,"39":0,"40":0,"41":0,"42":0,"43":0,"44":0,"45":0,"46":0},"f":{"0":0,"1":0,"2":0,"3":0,"4":0,"5":0,"6":0,"7":0,"8":0,"9":0,"10":0,"11":0,"12":0,"13":0,"14":0},"b":{"0":[0,0],"1":[0,0],"2":[0,0],"3":[0,0],"4":[0,0]}}
,"C:\\Users\\mdaahmed\\Documents\\PokemonReactNativeProject\\pokemon\\src\\services\\api.js": {"path":"C:\\Users\\mdaahmed\\Documents\\PokemonReactNativeProject\\pokemon\\src\\services\\api.js","statementMap":{"0":{"start":{"line":2,"column":17},"end":{"line":2,"column":41}},"1":{"start":{"line":3,"column":12},"end":{"line":8,"column":2}},"2":{"start":{"line":10,"column":30},"end":{"line":17,"column":1}},"3":{"start":{"line":11,"column":2},"end":{"line":16,"column":3}},"4":{"start":{"line":12,"column":21},"end":{"line":12,"column":39}},"5":{"start":{"line":13,"column":4},"end":{"line":13,"column":25}},"6":{"start":{"line":15,"column":4},"end":{"line":15,"column":35}},"7":{"start":{"line":19,"column":33},"end":{"line":26,"column":1}},"8":{"start":{"line":20,"column":2},"end":{"line":25,"column":3}},"9":{"start":{"line":21,"column":21},"end":{"line":21,"column":52}},"10":{"start":{"line":22,"column":4},"end":{"line":22,"column":25}},"11":{"start":{"line":24,"column":4},"end":{"line":24,"column":35}},"12":{"start":{"line":29,"column":30},"end":{"line":36,"column":1}},"13":{"start":{"line":30,"column":2},"end":{"line":35,"column":3}},"14":{"start":{"line":31,"column":21},"end":{"line":31,"column":60}},"15":{"start":{"line":32,"column":4},"end":{"line":32,"column":25}},"16":{"start":{"line":34,"column":4},"end":{"line":34,"column":35}},"17":{"start":{"line":39,"column":37},"end":{"line":46,"column":1}},"18":{"start":{"line":40,"column":2},"end":{"line":45,"column":3}},"19":{"start":{"line":41,"column":21},"end":{"line":41,"column":71}},"20":{"start":{"line":42,"column":4},"end":{"line":42,"column":25}},"21":{"start":{"line":44,"column":4},"end":{"line":44,"column":35}},"22":{"start":{"line":49,"column":32},"end":{"line":51,"column":1}},"23":{"start":{"line":50,"column":2},"end":{"line":50,"column":47}}},"fnMap":{"0":{"name":"(anonymous_0)","decl":{"start":{"line":10,"column":30},"end":{"line":10,"column":31}},"loc":{"start":{"line":10,"column":43},"end":{"line":17,"column":1}},"line":10},"1":{"name":"(anonymous_1)","decl":{"start":{"line":19,"column":33},"end":{"line":19,"column":34}},"loc":{"start":{"line":19,"column":45},"end":{"line":26,"column":1}},"line":19},"2":{"name":"(anonymous_2)","decl":{"start":{"line":29,"column":30},"end":{"line":29,"column":31}},"loc":{"start":{"line":29,"column":42},"end":{"line":36,"column":1}},"line":29},"3":{"name":"(anonymous_3)","decl":{"start":{"line":39,"column":37},"end":{"line":39,"column":38}},"loc":{"start":{"line":39,"column":49},"end":{"line":46,"column":1}},"line":39},"4":{"name":"(anonymous_4)","decl":{"start":{"line":49,"column":32},"end":{"line":49,"column":33}},"loc":{"start":{"line":49,"column":38},"end":{"line":51,"column":1}},"line":49}},"branchMap":{},"s":{"0":1,"1":1,"2":1,"3":1,"4":1,"5":0,"6":1,"7":1,"8":2,"9":2,"10":2,"11":0,"12":1,"13":1,"14":1,"15":1,"16":0,"17":1,"18":2,"19":2,"20":2,"21":0,"22":1,"23":2},"f":{"0":1,"1":2,"2":1,"3":2,"4":2},"b":{},"_coverageSchema":"1a1c01bbd47fc00a2c39e90264f33305004495a9","hash":"9a57f5410c0cd2f1d98ab890421ae50ec0fa8334"}
,"C:\\Users\\mdaahmed\\Documents\\PokemonReactNativeProject\\pokemon\\src\\tokens\\colors.js": {"path":"C:\\Users\\mdaahmed\\Documents\\PokemonReactNativeProject\\pokemon\\src\\tokens\\colors.js","statementMap":{"0":{"start":{"line":3,"column":27},"end":{"line":100,"column":1}},"1":{"start":{"line":102,"column":32},"end":{"line":118,"column":1}}},"fnMap":{},"branchMap":{},"s":{"0":3,"1":3},"f":{},"b":{},"_coverageSchema":"1a1c01bbd47fc00a2c39e90264f33305004495a9","hash":"680cd1602700f45f6de2f3cf53a1f14aae2ff67d"}
,"C:\\Users\\mdaahmed\\Documents\\PokemonReactNativeProject\\pokemon\\src\\tokens\\fonts.js": {"path":"C:\\Users\\mdaahmed\\Documents\\PokemonReactNativeProject\\pokemon\\src\\tokens\\fonts.js","statementMap":{"0":{"start":{"line":2,"column":25},"end":{"line":12,"column":1}},"1":{"start":{"line":15,"column":27},"end":{"line":20,"column":1}},"2":{"start":{"line":23,"column":27},"end":{"line":26,"column":1}}},"fnMap":{},"branchMap":{},"s":{"0":2,"1":2,"2":2},"f":{},"b":{},"_coverageSchema":"1a1c01bbd47fc00a2c39e90264f33305004495a9","hash":"27995c87cfe5a682c08ff6d3b18ce2f853995662"}
,"C:\\Users\\mdaahmed\\Documents\\PokemonReactNativeProject\\pokemon\\src\\tokens\\size.js": {"path":"C:\\Users\\mdaahmed\\Documents\\PokemonReactNativeProject\\pokemon\\src\\tokens\\size.js","statementMap":{"0":{"start":{"line":1,"column":21},"end":{"line":9,"column":1}}},"fnMap":{},"branchMap":{},"s":{"0":2},"f":{},"b":{},"_coverageSchema":"1a1c01bbd47fc00a2c39e90264f33305004495a9","hash":"ade50a0dddff32f0d9ac662350cfd19e63d84fc1"}
,"C:\\Users\\mdaahmed\\Documents\\PokemonReactNativeProject\\pokemon\\src\\tokens\\spacing.js": {"path":"C:\\Users\\mdaahmed\\Documents\\PokemonReactNativeProject\\pokemon\\src\\tokens\\spacing.js","statementMap":{"0":{"start":{"line":1,"column":22},"end":{"line":9,"column":1}},"1":{"start":{"line":11,"column":23},"end":{"line":25,"column":1}},"2":{"start":{"line":27,"column":20},"end":{"line":29,"column":1}}},"fnMap":{},"branchMap":{},"s":{"0":2,"1":2,"2":2},"f":{},"b":{},"_coverageSchema":"1a1c01bbd47fc00a2c39e90264f33305004495a9","hash":"05d796df8e616201067c31c2c0ebae0bbb22f714"}
,"C:\\Users\\mdaahmed\\Documents\\PokemonReactNativeProject\\pokemon\\src\\utils\\concatenate\\concatenateProperty.js": {"path":"C:\\Users\\mdaahmed\\Documents\\PokemonReactNativeProject\\pokemon\\src\\utils\\concatenate\\concatenateProperty.js","statementMap":{"0":{"start":{"line":1,"column":35},"end":{"line":7,"column":1}},"1":{"start":{"line":2,"column":2},"end":{"line":6,"column":9}},"2":{"start":{"line":3,"column":18},"end":{"line":3,"column":28}},"3":{"start":{"line":4,"column":19},"end":{"line":4,"column":43}},"4":{"start":{"line":5,"column":4},"end":{"line":5,"column":38}}},"fnMap":{"0":{"name":"(anonymous_0)","decl":{"start":{"line":1,"column":35},"end":{"line":1,"column":36}},"loc":{"start":{"line":1,"column":56},"end":{"line":7,"column":1}},"line":1},"1":{"name":"(anonymous_1)","decl":{"start":{"line":2,"column":22},"end":{"line":2,"column":23}},"loc":{"start":{"line":2,"column":41},"end":{"line":6,"column":3}},"line":2}},"branchMap":{},"s":{"0":1,"1":2,"2":3,"3":3,"4":3},"f":{"0":2,"1":3},"b":{},"_coverageSchema":"1a1c01bbd47fc00a2c39e90264f33305004495a9","hash":"46f193a963ed96161c89787d860ef91f69edf9ff"}
,"C:\\Users\\mdaahmed\\Documents\\PokemonReactNativeProject\\pokemon\\src\\utils\\fiterUniqueById\\filterUniqueById.js": {"path":"C:\\Users\\mdaahmed\\Documents\\PokemonReactNativeProject\\pokemon\\src\\utils\\fiterUniqueById\\filterUniqueById.js","statementMap":{"0":{"start":{"line":2,"column":2},"end":{"line":9,"column":4}},"1":{"start":{"line":4,"column":6},"end":{"line":6,"column":7}},"2":{"start":{"line":5,"column":8},"end":{"line":5,"column":28}},"3":{"start":{"line":7,"column":6},"end":{"line":7,"column":17}}},"fnMap":{"0":{"name":"filterUniqueById","decl":{"start":{"line":1,"column":16},"end":{"line":1,"column":32}},"loc":{"start":{"line":1,"column":43},"end":{"line":10,"column":1}},"line":1},"1":{"name":"(anonymous_1)","decl":{"start":{"line":3,"column":15},"end":{"line":3,"column":16}},"loc":{"start":{"line":3,"column":29},"end":{"line":8,"column":5}},"line":3}},"branchMap":{"0":{"loc":{"start":{"line":4,"column":6},"end":{"line":6,"column":7}},"type":"if","locations":[{"start":{"line":4,"column":6},"end":{"line":6,"column":7}},{"start":{},"end":{}}],"line":4}},"s":{"0":1,"1":5,"2":4,"3":5},"f":{"0":1,"1":5},"b":{"0":[4,1]},"_coverageSchema":"1a1c01bbd47fc00a2c39e90264f33305004495a9","hash":"627590dd285940b9916d392d8f1be5f3eb5d63b5"}
,"C:\\Users\\mdaahmed\\Documents\\PokemonReactNativeProject\\pokemon\\src\\utils\\leadingZeros\\leadingZeros.js": {"path":"C:\\Users\\mdaahmed\\Documents\\PokemonReactNativeProject\\pokemon\\src\\utils\\leadingZeros\\leadingZeros.js","statementMap":{"0":{"start":{"line":2,"column":2},"end":{"line":8,"column":3}},"1":{"start":{"line":3,"column":4},"end":{"line":3,"column":25}},"2":{"start":{"line":4,"column":9},"end":{"line":8,"column":3}},"3":{"start":{"line":5,"column":4},"end":{"line":5,"column":24}},"4":{"start":{"line":7,"column":4},"end":{"line":7,"column":29}}},"fnMap":{"0":{"name":"addLeadingZeros","decl":{"start":{"line":1,"column":16},"end":{"line":1,"column":31}},"loc":{"start":{"line":1,"column":40},"end":{"line":9,"column":1}},"line":1}},"branchMap":{"0":{"loc":{"start":{"line":2,"column":2},"end":{"line":8,"column":3}},"type":"if","locations":[{"start":{"line":2,"column":2},"end":{"line":8,"column":3}},{"start":{"line":4,"column":9},"end":{"line":8,"column":3}}],"line":2},"1":{"loc":{"start":{"line":4,"column":9},"end":{"line":8,"column":3}},"type":"if","locations":[{"start":{"line":4,"column":9},"end":{"line":8,"column":3}},{"start":{"line":6,"column":9},"end":{"line":8,"column":3}}],"line":4}},"s":{"0":5,"1":2,"2":3,"3":2,"4":1},"f":{"0":5},"b":{"0":[2,3],"1":[2,1]},"_coverageSchema":"1a1c01bbd47fc00a2c39e90264f33305004495a9","hash":"c10bf30388b4efddfe3ec6e80644a5b0cdaa082a"}
,"C:\\Users\\mdaahmed\\Documents\\PokemonReactNativeProject\\pokemon\\src\\utils\\lengthUtils\\lengthUtils.js": {"path":"C:\\Users\\mdaahmed\\Documents\\PokemonReactNativeProject\\pokemon\\src\\utils\\lengthUtils\\lengthUtils.js","statementMap":{"0":{"start":{"line":2,"column":27},"end":{"line":2,"column":35}},"1":{"start":{"line":3,"column":23},"end":{"line":3,"column":48}},"2":{"start":{"line":4,"column":13},"end":{"line":4,"column":39}},"3":{"start":{"line":5,"column":15},"end":{"line":5,"column":55}},"4":{"start":{"line":6,"column":2},"end":{"line":6,"column":31}}},"fnMap":{"0":{"name":"meters_to_feet_and_inches","decl":{"start":{"line":1,"column":16},"end":{"line":1,"column":41}},"loc":{"start":{"line":1,"column":47},"end":{"line":7,"column":1}},"line":1}},"branchMap":{},"s":{"0":2,"1":2,"2":2,"3":2,"4":2},"f":{"0":2},"b":{},"_coverageSchema":"1a1c01bbd47fc00a2c39e90264f33305004495a9","hash":"edcfb486639c8e9b7f538603a6bfd8909b4f78ab"}
,"C:\\Users\\mdaahmed\\Documents\\PokemonReactNativeProject\\pokemon\\src\\utils\\randomColor\\randomColor.js": {"path":"C:\\Users\\mdaahmed\\Documents\\PokemonReactNativeProject\\pokemon\\src\\utils\\randomColor\\randomColor.js","statementMap":{"0":{"start":{"line":2,"column":35},"end":{"line":6,"column":1}},"1":{"start":{"line":4,"column":4},"end":{"line":4,"column":73}},"2":{"start":{"line":5,"column":2},"end":{"line":5,"column":21}}},"fnMap":{"0":{"name":"(anonymous_0)","decl":{"start":{"line":2,"column":35},"end":{"line":2,"column":36}},"loc":{"start":{"line":2,"column":41},"end":{"line":6,"column":1}},"line":2}},"branchMap":{},"s":{"0":2,"1":3,"2":3},"f":{"0":3},"b":{},"_coverageSchema":"1a1c01bbd47fc00a2c39e90264f33305004495a9","hash":"0a6bf4c02a66f22979cb6fdc23ba5e491474455f"}
,"C:\\Users\\mdaahmed\\Documents\\PokemonReactNativeProject\\pokemon\\src\\utils\\weightUtils\\weightUtils.js": {"path":"C:\\Users\\mdaahmed\\Documents\\PokemonReactNativeProject\\pokemon\\src\\utils\\weightUtils\\weightUtils.js","statementMap":{"0":{"start":{"line":2,"column":28},"end":{"line":2,"column":39}},"1":{"start":{"line":3,"column":2},"end":{"line":3,"column":37}}},"fnMap":{"0":{"name":"covert_Weight_to_Kg","decl":{"start":{"line":1,"column":16},"end":{"line":1,"column":35}},"loc":{"start":{"line":1,"column":44},"end":{"line":4,"column":1}},"line":1}},"branchMap":{},"s":{"0":3,"1":3},"f":{"0":3},"b":{},"_coverageSchema":"1a1c01bbd47fc00a2c39e90264f33305004495a9","hash":"0569cc899dc3e33819e7dae2b85e225ed5affec3"}
}
