TN:
SF:src\components\atom\badge\BadgeButton.Style.js
FNF:0
FNH:0
DA:6,1
LF:1
LH:1
BRF:0
BRH:0
end_of_record
TN:
SF:src\components\atom\badge\BadgeButton.jsx
FN:6,(anonymous_0)
FN:8,(anonymous_1)
FNF:2
FNH:2
FNDA:4,(anonymous_0)
FNDA:2,(anonymous_1)
DA:6,1
DA:7,4
DA:8,4
DA:9,2
DA:12,4
LF:5
LH:5
BRF:0
BRH:0
end_of_record
TN:
SF:src\components\atom\loader\Loader.Style.js
FNF:0
FNH:0
DA:3,1
LF:1
LH:1
BRF:0
BRH:0
end_of_record
TN:
SF:src\components\atom\loader\Loader.jsx
FN:5,(anonymous_0)
FNF:1
FNH:1
FNDA:1,(anonymous_0)
DA:5,1
DA:6,1
LF:2
LH:2
BRF:0
BRH:0
end_of_record
TN:
SF:src\components\molecules\card\Card.Style.js
FNF:0
FNH:0
DA:5,0
LF:1
LH:0
BRF:0
BRH:0
end_of_record
TN:
SF:src\components\molecules\card\Card.jsx
FN:10,(anonymous_0)
FN:15,(anonymous_1)
FN:16,(anonymous_2)
FN:19,(anonymous_3)
FN:24,(anonymous_4)
FN:55,(anonymous_5)
FNF:6
FNH:0
FNDA:0,(anonymous_0)
FNDA:0,(anonymous_1)
FNDA:0,(anonymous_2)
FNDA:0,(anonymous_3)
FNDA:0,(anonymous_4)
FNDA:0,(anonymous_5)
DA:10,0
DA:11,0
DA:13,0
DA:15,0
DA:16,0
DA:17,0
DA:19,0
DA:20,0
DA:21,0
DA:24,0
DA:25,0
DA:27,0
DA:49,0
DA:55,0
LF:14
LH:0
BRDA:25,0,0,0
BRDA:25,0,1,0
BRF:2
BRH:0
end_of_record
TN:
SF:src\components\molecules\header\Header.jsx
FN:4,(anonymous_0)
FNF:1
FNH:1
FNDA:1,(anonymous_0)
DA:4,1
DA:5,1
LF:2
LH:2
BRF:0
BRH:0
end_of_record
TN:
SF:src\components\molecules\header\HeaderStyles.js
FNF:0
FNH:0
DA:5,1
LF:1
LH:1
BRF:0
BRH:0
end_of_record
TN:
SF:src\components\organism\context\PokemonContext.js
FNF:0
FNH:0
DA:3,0
LF:1
LH:0
BRF:0
BRH:0
end_of_record
TN:
SF:src\components\organism\context\PokemonProvider.js
FN:14,(anonymous_0)
FN:23,(anonymous_1)
FN:36,(anonymous_2)
FN:37,(anonymous_3)
FN:38,(anonymous_4)
FN:41,(anonymous_5)
FN:43,(anonymous_6)
FN:50,(anonymous_7)
FN:57,(anonymous_8)
FN:68,(anonymous_9)
FN:78,(anonymous_10)
FN:79,(anonymous_11)
FN:82,(anonymous_12)
FN:87,(anonymous_13)
FN:100,(anonymous_14)
FN:114,(anonymous_15)
FN:118,(anonymous_16)
FN:133,(anonymous_17)
FN:140,(anonymous_18)
FN:141,(anonymous_19)
FN:143,(anonymous_20)
FN:150,(anonymous_21)
FN:150,(anonymous_22)
FN:152,(anonymous_23)
FNF:24
FNH:0
FNDA:0,(anonymous_0)
FNDA:0,(anonymous_1)
FNDA:0,(anonymous_2)
FNDA:0,(anonymous_3)
FNDA:0,(anonymous_4)
FNDA:0,(anonymous_5)
FNDA:0,(anonymous_6)
FNDA:0,(anonymous_7)
FNDA:0,(anonymous_8)
FNDA:0,(anonymous_9)
FNDA:0,(anonymous_10)
FNDA:0,(anonymous_11)
FNDA:0,(anonymous_12)
FNDA:0,(anonymous_13)
FNDA:0,(anonymous_14)
FNDA:0,(anonymous_15)
FNDA:0,(anonymous_16)
FNDA:0,(anonymous_17)
FNDA:0,(anonymous_18)
FNDA:0,(anonymous_19)
FNDA:0,(anonymous_20)
FNDA:0,(anonymous_21)
FNDA:0,(anonymous_22)
FNDA:0,(anonymous_23)
DA:13,0
DA:14,0
DA:15,0
DA:16,0
DA:17,0
DA:18,0
DA:19,0
DA:20,0
DA:21,0
DA:23,0
DA:25,0
DA:27,0
DA:36,0
DA:37,0
DA:38,0
DA:40,0
DA:41,0
DA:42,0
DA:43,0
DA:44,0
DA:45,0
DA:49,0
DA:50,0
DA:51,0
DA:52,0
DA:56,0
DA:57,0
DA:58,0
DA:59,0
DA:65,0
DA:68,0
DA:69,0
DA:70,0
DA:71,0
DA:74,0
DA:78,0
DA:79,0
DA:80,0
DA:81,0
DA:82,0
DA:83,0
DA:84,0
DA:85,0
DA:87,0
DA:88,0
DA:89,0
DA:90,0
DA:94,0
DA:100,0
DA:101,0
DA:102,0
DA:103,0
DA:108,0
DA:114,0
DA:115,0
DA:116,0
DA:117,0
DA:118,0
DA:119,0
DA:120,0
DA:121,0
DA:123,0
DA:124,0
DA:126,0
DA:130,0
DA:132,0
DA:133,0
DA:134,0
DA:139,0
DA:140,0
DA:141,0
DA:143,0
DA:144,0
DA:145,0
DA:146,0
DA:149,0
DA:150,0
DA:152,0
DA:153,0
DA:154,0
DA:155,0
DA:160,0
LF:82
LH:0
BRDA:42,0,0,0
BRDA:42,0,1,0
BRDA:44,1,0,0
BRDA:44,1,1,0
BRDA:49,2,0,0
BRDA:49,2,1,0
BRDA:51,3,0,0
BRDA:51,3,1,0
BRDA:56,4,0,0
BRDA:56,4,1,0
BRDA:58,5,0,0
BRDA:58,5,1,0
BRDA:139,6,0,0
BRDA:139,6,1,0
BRF:14
BRH:0
end_of_record
TN:
SF:src\constants\testData.js
FNF:0
FNH:0
DA:1,1
LF:1
LH:1
BRF:0
BRH:0
end_of_record
TN:
SF:src\constants\color\color.js
FNF:0
FNH:0
DA:1,1
DA:24,1
LF:2
LH:2
BRF:0
BRH:0
end_of_record
TN:
SF:src\constants\string\strings.js
FNF:0
FNH:0
DA:3,1
DA:4,1
DA:5,1
DA:7,1
DA:9,1
DA:11,1
DA:12,1
DA:13,1
DA:14,1
DA:16,1
DA:18,1
DA:20,1
DA:22,1
DA:24,1
DA:26,1
DA:28,1
DA:31,1
DA:34,1
DA:36,1
DA:39,1
LF:20
LH:20
BRF:0
BRH:0
end_of_record
TN:
SF:src\constants\type\type.js
FNF:0
FNH:0
DA:1,1
LF:1
LH:1
BRF:0
BRH:0
end_of_record
TN:
SF:src\constants\url\url.js
FNF:0
FNH:0
DA:2,1
DA:4,1
LF:2
LH:2
BRF:0
BRH:0
end_of_record
TN:
SF:src\navigation\stack\StackNavigator.jsx
FN:11,(anonymous_0)
FNF:1
FNH:0
FNDA:0,(anonymous_0)
DA:9,0
DA:11,0
DA:12,0
LF:3
LH:0
BRF:0
BRH:0
end_of_record
TN:
SF:src\screens\pokemonDetail\PokemonDetail.Style.js
FNF:0
FNH:0
DA:6,0
LF:1
LH:0
BRF:0
BRH:0
end_of_record
TN:
SF:src\screens\pokemonDetail\PokemonDetail.jsx
FN:38,(anonymous_0)
FN:51,(anonymous_1)
FN:61,(anonymous_2)
FN:82,(anonymous_3)
FN:85,(anonymous_4)
FN:141,(anonymous_5)
FN:155,(anonymous_6)
FN:164,(anonymous_7)
FN:172,(anonymous_8)
FN:195,(anonymous_9)
FN:224,(anonymous_10)
FN:242,(anonymous_11)
FN:256,(anonymous_12)
FN:272,(anonymous_13)
FN:287,(anonymous_14)
FNF:15
FNH:0
FNDA:0,(anonymous_0)
FNDA:0,(anonymous_1)
FNDA:0,(anonymous_2)
FNDA:0,(anonymous_3)
FNDA:0,(anonymous_4)
FNDA:0,(anonymous_5)
FNDA:0,(anonymous_6)
FNDA:0,(anonymous_7)
FNDA:0,(anonymous_8)
FNDA:0,(anonymous_9)
FNDA:0,(anonymous_10)
FNDA:0,(anonymous_11)
FNDA:0,(anonymous_12)
FNDA:0,(anonymous_13)
FNDA:0,(anonymous_14)
DA:38,0
DA:39,0
DA:40,0
DA:42,0
DA:49,0
DA:51,0
DA:52,0
DA:55,0
DA:61,0
DA:62,0
DA:64,0
DA:71,0
DA:78,0
DA:81,0
DA:82,0
DA:83,0
DA:85,0
DA:86,0
DA:88,0
DA:89,0
DA:90,0
DA:141,0
DA:155,0
DA:164,0
DA:172,0
DA:196,0
DA:225,0
DA:243,0
DA:257,0
DA:273,0
DA:288,0
LF:31
LH:0
BRDA:62,0,0,0
BRDA:62,0,1,0
BRDA:62,0,2,0
BRDA:138,1,0,0
BRDA:138,1,1,0
BRDA:161,2,0,0
BRDA:161,2,1,0
BRDA:194,3,0,0
BRDA:194,3,1,0
BRDA:198,4,0,0
BRDA:198,4,1,0
BRDA:241,5,0,0
BRDA:241,5,1,0
BRDA:246,6,0,0
BRDA:246,6,1,0
BRDA:255,7,0,0
BRDA:255,7,1,0
BRDA:267,8,0,0
BRDA:267,8,1,0
BRDA:271,9,0,0
BRDA:271,9,1,0
BRF:21
BRH:0
end_of_record
TN:
SF:src\screens\pokemonList\PokemonList.Style.js
FNF:0
FNH:0
DA:6,0
LF:1
LH:0
BRF:0
BRH:0
end_of_record
TN:
SF:src\screens\pokemonList\PokemonList.jsx
FN:32,(anonymous_0)
FN:51,(anonymous_1)
FN:55,(anonymous_2)
FN:60,(anonymous_3)
FN:64,(anonymous_4)
FN:73,(anonymous_5)
FN:87,(anonymous_6)
FN:92,(anonymous_7)
FN:93,(anonymous_8)
FN:114,(anonymous_9)
FN:116,(anonymous_10)
FN:162,(anonymous_11)
FN:167,(anonymous_12)
FN:212,(anonymous_13)
FN:232,(anonymous_14)
FNF:15
FNH:0
FNDA:0,(anonymous_0)
FNDA:0,(anonymous_1)
FNDA:0,(anonymous_2)
FNDA:0,(anonymous_3)
FNDA:0,(anonymous_4)
FNDA:0,(anonymous_5)
FNDA:0,(anonymous_6)
FNDA:0,(anonymous_7)
FNDA:0,(anonymous_8)
FNDA:0,(anonymous_9)
FNDA:0,(anonymous_10)
FNDA:0,(anonymous_11)
FNDA:0,(anonymous_12)
FNDA:0,(anonymous_13)
FNDA:0,(anonymous_14)
DA:32,0
DA:33,0
DA:34,0
DA:35,0
DA:36,0
DA:37,0
DA:38,0
DA:49,0
DA:51,0
DA:52,0
DA:53,0
DA:55,0
DA:56,0
DA:57,0
DA:60,0
DA:61,0
DA:64,0
DA:65,0
DA:73,0
DA:74,0
DA:75,0
DA:76,0
DA:77,0
DA:78,0
DA:79,0
DA:80,0
DA:83,0
DA:87,0
DA:89,0
DA:92,0
DA:93,0
DA:94,0
DA:100,0
DA:102,0
DA:103,0
DA:115,0
DA:116,0
DA:117,0
DA:118,0
DA:163,0
DA:168,0
DA:213,0
DA:214,0
DA:215,0
DA:233,0
DA:234,0
DA:235,0
LF:47
LH:0
BRDA:95,0,0,0
BRDA:95,0,1,0
BRDA:198,1,0,0
BRDA:198,1,1,0
BRDA:211,2,0,0
BRDA:211,2,1,0
BRDA:218,3,0,0
BRDA:218,3,1,0
BRDA:230,4,0,0
BRDA:230,4,1,0
BRF:10
BRH:0
end_of_record
TN:
SF:src\services\api.js
FN:10,(anonymous_0)
FN:19,(anonymous_1)
FN:29,(anonymous_2)
FN:39,(anonymous_3)
FN:49,(anonymous_4)
FNF:5
FNH:5
FNDA:1,(anonymous_0)
FNDA:2,(anonymous_1)
FNDA:1,(anonymous_2)
FNDA:2,(anonymous_3)
FNDA:2,(anonymous_4)
DA:2,1
DA:3,1
DA:10,1
DA:11,1
DA:12,1
DA:13,0
DA:15,1
DA:19,1
DA:20,2
DA:21,2
DA:22,2
DA:24,0
DA:29,1
DA:30,1
DA:31,1
DA:32,1
DA:34,0
DA:39,1
DA:40,2
DA:41,2
DA:42,2
DA:44,0
DA:49,1
DA:50,2
LF:24
LH:20
BRF:0
BRH:0
end_of_record
TN:
SF:src\tokens\colors.js
FNF:0
FNH:0
DA:3,3
DA:102,3
LF:2
LH:2
BRF:0
BRH:0
end_of_record
TN:
SF:src\tokens\fonts.js
FNF:0
FNH:0
DA:2,2
DA:15,2
DA:23,2
LF:3
LH:3
BRF:0
BRH:0
end_of_record
TN:
SF:src\tokens\size.js
FNF:0
FNH:0
DA:1,2
LF:1
LH:1
BRF:0
BRH:0
end_of_record
TN:
SF:src\tokens\spacing.js
FNF:0
FNH:0
DA:1,2
DA:11,2
DA:27,2
LF:3
LH:3
BRF:0
BRH:0
end_of_record
TN:
SF:src\utils\concatenate\concatenateProperty.js
FN:1,(anonymous_0)
FN:2,(anonymous_1)
FNF:2
FNH:2
FNDA:2,(anonymous_0)
FNDA:3,(anonymous_1)
DA:1,1
DA:2,2
DA:3,3
DA:4,3
DA:5,3
LF:5
LH:5
BRF:0
BRH:0
end_of_record
TN:
SF:src\utils\fiterUniqueById\filterUniqueById.js
FN:1,filterUniqueById
FN:3,(anonymous_1)
FNF:2
FNH:2
FNDA:1,filterUniqueById
FNDA:5,(anonymous_1)
DA:2,1
DA:4,5
DA:5,4
DA:7,5
LF:4
LH:4
BRDA:4,0,0,4
BRDA:4,0,1,1
BRF:2
BRH:2
end_of_record
TN:
SF:src\utils\leadingZeros\leadingZeros.js
FN:1,addLeadingZeros
FNF:1
FNH:1
FNDA:5,addLeadingZeros
DA:2,5
DA:3,2
DA:4,3
DA:5,2
DA:7,1
LF:5
LH:5
BRDA:2,0,0,2
BRDA:2,0,1,3
BRDA:4,1,0,2
BRDA:4,1,1,1
BRF:4
BRH:4
end_of_record
TN:
SF:src\utils\lengthUtils\lengthUtils.js
FN:1,meters_to_feet_and_inches
FNF:1
FNH:1
FNDA:2,meters_to_feet_and_inches
DA:2,2
DA:3,2
DA:4,2
DA:5,2
DA:6,2
LF:5
LH:5
BRF:0
BRH:0
end_of_record
TN:
SF:src\utils\randomColor\randomColor.js
FN:2,(anonymous_0)
FNF:1
FNH:1
FNDA:3,(anonymous_0)
DA:2,2
DA:4,3
DA:5,3
LF:3
LH:3
BRF:0
BRH:0
end_of_record
TN:
SF:src\utils\weightUtils\weightUtils.js
FN:1,covert_Weight_to_Kg
FNF:1
FNH:1
FNDA:3,covert_Weight_to_Kg
DA:2,3
DA:3,3
LF:2
LH:2
BRF:0
BRH:0
end_of_record
